<?xml version="1.0" encoding="UTF-8"?>
<!-- Generated by org.testng.reporters.JUnitXMLReporter -->
<testsuite ignored="6" hostname="LAPTOP-9MGQ1891" failures="0" tests="3" name="test2" time="10.057" errors="0" timestamp="2022-05-13T17:39:59 IST">
  <testcase classname="com.Vtiger.generic.BaseClass" name="@BeforeClass launchBrowser" time="-1.652443789026E9">
    <failure type="org.testng.TestNGException" message="
Can inject only one of &amp;lt;ITestContext, XmlTest&amp;gt; into a @BeforeClass annotated launchBrowser.
For more information on native dependency injection please refer to https://testng.org/doc/documentation-main.html#native-dependency-injection">
      <![CDATA[org.testng.TestNGException: 
Can inject only one of <ITestContext, XmlTest> into a @BeforeClass annotated launchBrowser.
For more information on native dependency injection please refer to https://testng.org/doc/documentation-main.html#native-dependency-injection
at java.base/java.util.concurrent.ThreadPoolExecutor.runWorker(ThreadPoolExecutor.java:1136)
at java.base/java.util.concurrent.ThreadPoolExecutor$Worker.run(ThreadPoolExecutor.java:635)
at java.base/java.lang.Thread.run(Thread.java:833)
... Removed 7 stack frames]]>
    </failure>
  </testcase> <!-- @BeforeClass launchBrowser -->
  <testcase classname="com.Vtiger.generic.BaseClass" name="@BeforeClass launchBrowser" time="-1.652443789026E9">
    <failure type="org.testng.TestNGException" message="
Can inject only one of &amp;lt;ITestContext, XmlTest&amp;gt; into a @BeforeClass annotated launchBrowser.
For more information on native dependency injection please refer to https://testng.org/doc/documentation-main.html#native-dependency-injection">
      <![CDATA[org.testng.TestNGException: 
Can inject only one of <ITestContext, XmlTest> into a @BeforeClass annotated launchBrowser.
For more information on native dependency injection please refer to https://testng.org/doc/documentation-main.html#native-dependency-injection
at java.base/java.util.concurrent.ThreadPoolExecutor.runWorker(ThreadPoolExecutor.java:1136)
at java.base/java.util.concurrent.ThreadPoolExecutor$Worker.run(ThreadPoolExecutor.java:635)
at java.base/java.lang.Thread.run(Thread.java:833)
... Removed 7 stack frames]]>
    </failure>
  </testcase> <!-- @BeforeClass launchBrowser -->
  <testcase classname="com.Vtiger.generic.BaseClass" name="@BeforeClass launchBrowser" time="-1.652443789026E9">
    <failure type="org.testng.TestNGException" message="
Can inject only one of &amp;lt;ITestContext, XmlTest&amp;gt; into a @BeforeClass annotated launchBrowser.
For more information on native dependency injection please refer to https://testng.org/doc/documentation-main.html#native-dependency-injection">
      <![CDATA[org.testng.TestNGException: 
Can inject only one of <ITestContext, XmlTest> into a @BeforeClass annotated launchBrowser.
For more information on native dependency injection please refer to https://testng.org/doc/documentation-main.html#native-dependency-injection
at java.base/java.util.concurrent.ThreadPoolExecutor.runWorker(ThreadPoolExecutor.java:1136)
at java.base/java.util.concurrent.ThreadPoolExecutor$Worker.run(ThreadPoolExecutor.java:635)
at java.base/java.lang.Thread.run(Thread.java:833)
... Removed 7 stack frames]]>
    </failure>
  </testcase> <!-- @BeforeClass launchBrowser -->
  <testcase classname="com.Vtiger.generic.BaseClass" name="@BeforeMethod login" time="-1.652443789042E9">
    <skipped/>
  </testcase> <!-- @BeforeMethod login -->
  <testcase classname="com.Vtiger.generic.BaseClass" name="@BeforeMethod login" time="-1.652443789042E9">
    <skipped/>
  </testcase> <!-- @BeforeMethod login -->
  <testcase classname="com.Vtiger.generic.BaseClass" name="@BeforeMethod login" time="-1.652443789042E9">
    <skipped/>
  </testcase> <!-- @BeforeMethod login -->
  <testcase classname="com.Vtiger.generic.BaseClass" name="@AfterMethod logout" time="-1.652443789053E9">
    <skipped/>
  </testcase> <!-- @AfterMethod logout -->
  <testcase classname="com.Vtiger.generic.BaseClass" name="@AfterMethod logout" time="-1.652443789053E9">
    <skipped/>
  </testcase> <!-- @AfterMethod logout -->
  <testcase classname="com.Vtiger.generic.BaseClass" name="@AfterMethod logout" time="-1.652443789058E9">
    <skipped/>
  </testcase> <!-- @AfterMethod logout -->
  <testcase classname="com.Vtiger.generic.BaseClass" name="@AfterTest closeBrowser" time="10.01">
    <failure type="java.lang.NullPointerException" message="Cannot invoke &amp;quot;org.openqa.selenium.WebDriver.close()&amp;quot; because &amp;quot;this.driver&amp;quot; is null">
      <![CDATA[java.lang.NullPointerException: Cannot invoke "org.openqa.selenium.WebDriver.close()" because "this.driver" is null
at com.Vtiger.generic.BaseClass.closeBrowser(BaseClass.java:87)
at java.base/java.util.concurrent.FutureTask.run(FutureTask.java:264)
at java.base/java.util.concurrent.ThreadPoolExecutor.runWorker(ThreadPoolExecutor.java:1136)
at java.base/java.util.concurrent.ThreadPoolExecutor$Worker.run(ThreadPoolExecutor.java:635)
at java.base/java.lang.Thread.run(Thread.java:833)
... Removed 15 stack frames]]>
    </failure>
  </testcase> <!-- @AfterTest closeBrowser -->
  <testcase classname="com.Vtiger.TestCases.TC02_CreateOrg_DD" name="createorg_dd" time="0.0">
    <skipped/>
  </testcase> <!-- createorg_dd -->
  <testcase classname="com.Vtiger.TestCases.TC03_CreateContact_org" name="createcontact_org" time="0.0">
    <skipped/>
  </testcase> <!-- createcontact_org -->
  <testcase classname="com.Vtiger.TestCases.TC01_CreateOrg" name="createorg" time="0.0">
    <skipped/>
  </testcase> <!-- createorg -->
  <testcase classname="com.Vtiger.generic.BaseClass" name="@BeforeSuite connecttoDB" time="0.0">
    <ignored/>
  </testcase> <!-- @BeforeSuite connecttoDB -->
  <testcase classname="com.Vtiger.generic.BaseClass" name="@BeforeSuite connecttoDB" time="0.0">
    <ignored/>
  </testcase> <!-- @BeforeSuite connecttoDB -->
  <testcase classname="com.Vtiger.generic.BaseClass" name="@AfterSuite disConnectDB" time="0.0">
    <ignored/>
  </testcase> <!-- @AfterSuite disConnectDB -->
  <testcase classname="com.Vtiger.generic.BaseClass" name="@AfterSuite disConnectDB" time="0.0">
    <ignored/>
  </testcase> <!-- @AfterSuite disConnectDB -->
  <testcase classname="com.Vtiger.generic.BaseClass" name="@AfterTest closeBrowser" time="0.0">
    <ignored/>
  </testcase> <!-- @AfterTest closeBrowser -->
  <testcase classname="com.Vtiger.generic.BaseClass" name="@AfterTest closeBrowser" time="0.0">
    <ignored/>
  </testcase> <!-- @AfterTest closeBrowser -->
</testsuite> <!-- test2 -->
