<?xml version="1.0" encoding="UTF-8"?>
<!-- Generated by org.testng.reporters.JUnitXMLReporter -->
<testsuite ignored="0" hostname="LAPTOP-9MGQ1891" failures="0" tests="6" name="Test" time="0.043" errors="0" timestamp="2022-06-04T12:42:28 IST">
  <testcase classname="com.TESTNG.practice.sampleTG" name="method1" time="0.006"/>
  <testcase classname="com.TESTNG.practice.sampleTG" name="method2" time="0.001"/>
  <testcase classname="com.TESTNG.practice.sampleTG" name="method3" time="0.001"/>
  <testcase classname="com.TESTNG.practice.sampleTG" name="method4" time="0.0"/>
  <testcase classname="com.TESTNG.practice.sampleTG" name="method5" time="0.0"/>
  <testcase classname="com.TESTNG.practice.baseclass" name="commonutil" time="0.001"/>
</testsuite> <!-- Test -->
