<?xml version="1.0" encoding="UTF-8"?>
<!-- Generated by org.testng.reporters.JUnitXMLReporter -->
<testsuite ignored="0" hostname="LAPTOP-9MGQ1891" failures="0" tests="1" name="Test3" time="12.224" errors="0" timestamp="2022-05-13T17:29:19 IST">
  <testcase classname="com.Vtiger.generic.BaseClass" name="@BeforeMethod login" time="0.016">
    <failure type="java.lang.IllegalArgumentException" message="Keys to send should be a not null CharSequence">
      <![CDATA[java.lang.IllegalArgumentException: Keys to send should be a not null CharSequence
at org.openqa.selenium.remote.RemoteWebElement.sendKeys(RemoteWebElement.java:92)
at org.openqa.selenium.support.pagefactory.internal.LocatingElementHandler.invoke(LocatingElementHandler.java:52)
at jdk.proxy2/jdk.proxy2.$Proxy20.sendKeys(Unknown Source)
at com.Vtiger.ObjectRe.LoginPage.logintoApp(LoginPage.java:52)
at com.Vtiger.generic.BaseClass.login(BaseClass.java:74)
at java.base/java.util.concurrent.ThreadPoolExecutor.runWorker(ThreadPoolExecutor.java:1136)
at java.base/java.util.concurrent.ThreadPoolExecutor$Worker.run(ThreadPoolExecutor.java:635)
at java.base/java.lang.Thread.run(Thread.java:833)
... Removed 20 stack frames]]>
    </failure>
  </testcase> <!-- @BeforeMethod login -->
  <testcase classname="com.Vtiger.generic.BaseClass" name="@AfterMethod logout" time="-1.652443149562E9">
    <skipped/>
  </testcase> <!-- @AfterMethod logout -->
  <testcase classname="com.Vtiger.TestCases.TC03_CreateContact_org" name="createcontact_org" time="0.0">
    <skipped/>
  </testcase> <!-- createcontact_org -->
</testsuite> <!-- Test3 -->
